This file contains any messages produced by compilers while
running configure, to aid debugging if configure makes a mistake.

It was created by wavedump configure 3.10.2, which was
generated by GNU Autoconf 2.69.  Invocation command line was

  $ ./configure --enable-mysql --no-create --no-recursion

## --------- ##
## Platform. ##
## --------- ##

hostname = proton
uname -m = x86_64
uname -r = 5.11.0-27-generic
uname -s = Linux
uname -v = #29~20.04.1-Ubuntu SMP Wed Aug 11 15:58:17 UTC 2021

/usr/bin/uname -p = x86_64
/bin/uname -X     = unknown

/bin/arch              = x86_64
/usr/bin/arch -k       = unknown
/usr/convex/getsysinfo = unknown
/usr/bin/hostinfo      = unknown
/bin/machine           = unknown
/usr/bin/oslevel       = unknown
/bin/universe          = unknown

PATH: /home/lab/.local/bin
PATH: /scratch/gccb/software/root-v6.22.06/bin
PATH: /scratch/gccb/software/bin
PATH: /opt/trb_2/trbnettools/bin
PATH: /opt/trb_2/trbsoft/trb3/go4/bin
PATH: /opt/trb_2/trbsoft/trb3/dabc/bin
PATH: /opt/trb_2/trbsoft/trb3/dabc/bin
PATH: /home/proton/perl5/bin
PATH: /usr/local/sbin
PATH: /usr/local/bin
PATH: /usr/sbin
PATH: /usr/bin
PATH: /sbin
PATH: /bin
PATH: /usr/games
PATH: /usr/local/games
PATH: /snap/bin


## ----------- ##
## Core tests. ##
## ----------- ##

configure:2206: checking for a BSD-compatible install
configure:2274: result: /usr/bin/install -c
configure:2285: checking whether build environment is sane
configure:2340: result: yes
configure:2376: WARNING: 'missing' script is too old or missing
configure:2489: checking for a thread-safe mkdir -p
configure:2528: result: /usr/bin/mkdir -p
configure:2535: checking for gawk
configure:2565: result: no
configure:2535: checking for mawk
configure:2551: found /usr/bin/mawk
configure:2562: result: mawk
configure:2573: checking whether make sets $(MAKE)
configure:2595: result: yes
configure:2624: checking whether make supports nested variables
configure:2641: result: yes
configure:2820: checking for gcc
configure:2836: found /usr/bin/gcc
configure:2847: result: gcc
configure:3076: checking for C compiler version
configure:3085: gcc --version >&5
gcc (Ubuntu 9.3.0-17ubuntu1~20.04) 9.3.0
Copyright (C) 2019 Free Software Foundation, Inc.
This is free software; see the source for copying conditions.  There is NO
warranty; not even for MERCHANTABILITY or FITNESS FOR A PARTICULAR PURPOSE.

configure:3096: $? = 0
configure:3085: gcc -v >&5
Using built-in specs.
COLLECT_GCC=gcc
COLLECT_LTO_WRAPPER=/usr/lib/gcc/x86_64-linux-gnu/9/lto-wrapper
OFFLOAD_TARGET_NAMES=nvptx-none:hsa
OFFLOAD_TARGET_DEFAULT=1
Target: x86_64-linux-gnu
Configured with: ../src/configure -v --with-pkgversion='Ubuntu 9.3.0-17ubuntu1~20.04' --with-bugurl=file:///usr/share/doc/gcc-9/README.Bugs --enable-languages=c,ada,c++,go,brig,d,fortran,objc,obj-c++,gm2 --prefix=/usr --with-gcc-major-version-only --program-suffix=-9 --program-prefix=x86_64-linux-gnu- --enable-shared --enable-linker-build-id --libexecdir=/usr/lib --without-included-gettext --enable-threads=posix --libdir=/usr/lib --enable-nls --enable-clocale=gnu --enable-libstdcxx-debug --enable-libstdcxx-time=yes --with-default-libstdcxx-abi=new --enable-gnu-unique-object --disable-vtable-verify --enable-plugin --enable-default-pie --with-system-zlib --with-target-system-zlib=auto --enable-objc-gc=auto --enable-multiarch --disable-werror --with-arch-32=i686 --with-abi=m64 --with-multilib-list=m32,m64,mx32 --enable-multilib --with-tune=generic --enable-offload-targets=nvptx-none=/build/gcc-9-HskZEa/gcc-9-9.3.0/debian/tmp-nvptx/usr,hsa --without-cuda-driver --enable-checking=release --build=x86_64-linux-gnu --host=x86_64-linux-gnu --target=x86_64-linux-gnu
Thread model: posix
gcc version 9.3.0 (Ubuntu 9.3.0-17ubuntu1~20.04) 
configure:3096: $? = 0
configure:3085: gcc -V >&5
gcc: error: unrecognized command line option '-V'
gcc: fatal error: no input files
compilation terminated.
configure:3096: $? = 1
configure:3085: gcc -qversion >&5
gcc: error: unrecognized command line option '-qversion'; did you mean '--version'?
gcc: fatal error: no input files
compilation terminated.
configure:3096: $? = 1
configure:3116: checking whether the C compiler works
configure:3138: gcc    conftest.c  >&5
configure:3142: $? = 0
configure:3190: result: yes
configure:3193: checking for C compiler default output file name
configure:3195: result: a.out
configure:3201: checking for suffix of executables
configure:3208: gcc -o conftest    conftest.c  >&5
configure:3212: $? = 0
configure:3234: result: 
configure:3256: checking whether we are cross compiling
configure:3264: gcc -o conftest    conftest.c  >&5
configure:3268: $? = 0
configure:3275: ./conftest
configure:3279: $? = 0
configure:3267: result: no
configure:3272: checking for suffix of object files
configure:3294: gcc -c   conftest.c >&5
configure:3298: $? = 0
configure:3319: result: o
configure:3323: checking whether we are using the GNU C compiler
configure:3342: gcc -c   conftest.c >&5
configure:3342: $? = 0
configure:3351: result: yes
configure:3360: checking whether gcc accepts -g
configure:3380: gcc -c -g  conftest.c >&5
configure:3380: $? = 0
configure:3421: result: yes
configure:3438: checking for gcc option to accept ISO C89
configure:3501: gcc  -c -g -O2  conftest.c >&5
configure:3501: $? = 0
configure:3514: result: none needed
configure:3539: checking whether gcc understands -c and -o together
configure:3561: gcc -c conftest.c -o conftest2.o
configure:3564: $? = 0
configure:3561: gcc -c conftest.c -o conftest2.o
configure:3564: $? = 0
configure:3576: result: yes
configure:3596: checking whether make supports the include directive
configure:3611: make -f confmf.GNU && cat confinc.out
make[1]: Entering directory '/scratch/gccb/mark/flask/devices/CAENDigitizer/wavedump-3.10.2_mod'
make[1]: Leaving directory '/scratch/gccb/mark/flask/devices/CAENDigitizer/wavedump-3.10.2_mod'
this is the am__doit target
configure:3614: $? = 0
configure:3633: result: yes (GNU style)
configure:3658: checking dependency style of gcc
configure:3769: result: gcc3
configure:3795: checking how to run the C preprocessor
configure:3826: gcc -E  conftest.c
configure:3826: $? = 0
configure:3840: gcc -E  conftest.c
conftest.c:12:10: fatal error: ac_nonexistent.h: No such file or directory
   12 | #include <ac_nonexistent.h>
      |          ^~~~~~~~~~~~~~~~~~
compilation terminated.
configure:3840: $? = 1
configure: failed program was:
| /* confdefs.h */
| #define PACKAGE_NAME "wavedump"
| #define PACKAGE_TARNAME "wavedump"
| #define PACKAGE_VERSION "3.10.2"
| #define PACKAGE_STRING "wavedump 3.10.2"
| #define PACKAGE_BUGREPORT "support.computing@caen.it"
| #define PACKAGE_URL ""
| #define PACKAGE "wavedump"
| #define VERSION "3.10.2"
| #define LINUX 1
| /* end confdefs.h.  */
| #include <ac_nonexistent.h>
configure:3865: result: gcc -E
configure:3885: gcc -E  conftest.c
configure:3885: $? = 0
configure:3899: gcc -E  conftest.c
conftest.c:12:10: fatal error: ac_nonexistent.h: No such file or directory
   12 | #include <ac_nonexistent.h>
      |          ^~~~~~~~~~~~~~~~~~
compilation terminated.
configure:3899: $? = 1
configure: failed program was:
| /* confdefs.h */
| #define PACKAGE_NAME "wavedump"
| #define PACKAGE_TARNAME "wavedump"
| #define PACKAGE_VERSION "3.10.2"
| #define PACKAGE_STRING "wavedump 3.10.2"
| #define PACKAGE_BUGREPORT "support.computing@caen.it"
| #define PACKAGE_URL ""
| #define PACKAGE "wavedump"
| #define VERSION "3.10.2"
| #define LINUX 1
| /* end confdefs.h.  */
| #include <ac_nonexistent.h>
configure:3928: checking for grep that handles long lines and -e
configure:3986: result: /usr/bin/grep
configure:3991: checking for egrep
configure:4053: result: /usr/bin/grep -E
configure:4058: checking for ANSI C header files
configure:4078: gcc -c -g -O2  conftest.c >&5
configure:4078: $? = 0
configure:4151: gcc -o conftest -g -O2   conftest.c  >&5
configure:4151: $? = 0
configure:4151: ./conftest
configure:4151: $? = 0
configure:4162: result: yes
configure:4175: checking for sys/types.h
configure:4175: gcc -c -g -O2  conftest.c >&5
configure:4175: $? = 0
configure:4175: result: yes
configure:4175: checking for sys/stat.h
configure:4175: gcc -c -g -O2  conftest.c >&5
configure:4175: $? = 0
configure:4175: result: yes
configure:4175: checking for stdlib.h
configure:4175: gcc -c -g -O2  conftest.c >&5
configure:4175: $? = 0
configure:4175: result: yes
configure:4175: checking for string.h
configure:4175: gcc -c -g -O2  conftest.c >&5
configure:4175: $? = 0
configure:4175: result: yes
configure:4175: checking for memory.h
configure:4175: gcc -c -g -O2  conftest.c >&5
configure:4175: $? = 0
configure:4175: result: yes
configure:4175: checking for strings.h
configure:4175: gcc -c -g -O2  conftest.c >&5
configure:4175: $? = 0
configure:4175: result: yes
configure:4175: checking for inttypes.h
configure:4175: gcc -c -g -O2  conftest.c >&5
configure:4175: $? = 0
configure:4175: result: yes
configure:4175: checking for stdint.h
configure:4175: gcc -c -g -O2  conftest.c >&5
configure:4175: $? = 0
configure:4175: result: yes
configure:4175: checking for unistd.h
configure:4175: gcc -c -g -O2  conftest.c >&5
configure:4175: $? = 0
configure:4175: result: yes
configure:4187: checking CAENDigitizer.h usability
configure:4187: gcc -c -g -O2  conftest.c >&5
configure:4187: $? = 0
configure:4187: result: yes
configure:4187: checking CAENDigitizer.h presence
configure:4187: gcc -E  conftest.c
configure:4187: $? = 0
configure:4187: result: yes
configure:4187: checking for CAENDigitizer.h
configure:4187: result: yes
configure:4195: checking CAENDigitizerType.h usability
configure:4195: gcc -c -g -O2  conftest.c >&5
configure:4195: $? = 0
configure:4195: result: yes
configure:4195: checking CAENDigitizerType.h presence
configure:4195: gcc -E  conftest.c
configure:4195: $? = 0
configure:4195: result: yes
configure:4195: checking for CAENDigitizerType.h
configure:4195: result: yes
configure:4203: checking for CAEN_DGTZ_LoadSAMCorrectionData in -lCAENDigitizer
configure:4228: gcc -o conftest -g -O2   conftest.c -lCAENDigitizer   >&5
configure:4228: $? = 0
configure:4237: result: yes
configure:4245: checking for CAEN_DGTZ_USB_A4818 in CAENDigitizerType.h
configure:4271: result: CAENDigitizerType.h
configure:4289: checking for gnuplot
configure:4305: found /usr/bin/gnuplot
configure:4317: result: ok
configure:4374: checking mysql/mysql.h usability
configure:4374: gcc -c -g -O2  conftest.c >&5
configure:4374: $? = 0
configure:4374: result: yes
configure:4374: checking mysql/mysql.h presence
configure:4374: gcc -E  conftest.c
configure:4374: $? = 0
configure:4374: result: yes
configure:4374: checking for mysql/mysql.h
configure:4374: result: yes
configure:4389: WARNING: 
configure:4392: checking for ANSI C header files
configure:4496: result: yes
configure:4507: checking malloc.h usability
configure:4507: gcc -c -g -O2  conftest.c >&5
configure:4507: $? = 0
configure:4507: result: yes
configure:4507: checking malloc.h presence
configure:4507: gcc -E  conftest.c
configure:4507: $? = 0
configure:4507: result: yes
configure:4507: checking for malloc.h
configure:4507: result: yes
configure:4507: checking for stdint.h
configure:4507: result: yes
configure:4507: checking for stdlib.h
configure:4507: result: yes
configure:4507: checking for string.h
configure:4507: result: yes
configure:4507: checking sys/time.h usability
configure:4507: gcc -c -g -O2  conftest.c >&5
configure:4507: $? = 0
configure:4507: result: yes
configure:4507: checking sys/time.h presence
configure:4507: gcc -E  conftest.c
configure:4507: $? = 0
configure:4507: result: yes
configure:4507: checking for sys/time.h
configure:4507: result: yes
configure:4507: checking sys/timeb.h usability
configure:4507: gcc -c -g -O2  conftest.c >&5
configure:4507: $? = 0
configure:4507: result: yes
configure:4507: checking sys/timeb.h presence
configure:4507: gcc -E  conftest.c
configure:4507: $? = 0
configure:4507: result: yes
configure:4507: checking for sys/timeb.h
configure:4507: result: yes
configure:4507: checking termios.h usability
configure:4507: gcc -c -g -O2  conftest.c >&5
configure:4507: $? = 0
configure:4507: result: yes
configure:4507: checking termios.h presence
configure:4507: gcc -E  conftest.c
configure:4507: $? = 0
configure:4507: result: yes
configure:4507: checking for termios.h
configure:4507: result: yes
configure:4507: checking for unistd.h
configure:4507: result: yes
configure:4519: checking for an ANSI C-conforming const
configure:4585: gcc -c -g -O2  conftest.c >&5
configure:4585: $? = 0
configure:4592: result: yes
configure:4600: checking whether time.h and sys/time.h may both be included
configure:4620: gcc -c -g -O2  conftest.c >&5
configure:4620: $? = 0
configure:4627: result: yes
configure:4639: checking for stdlib.h
configure:4639: result: yes
configure:4649: checking for GNU libc compatible malloc
configure:4673: gcc -o conftest -g -O2   conftest.c  >&5
configure:4673: $? = 0
configure:4673: ./conftest
configure:4673: $? = 0
configure:4683: result: yes
configure:4707: checking sys/select.h usability
configure:4707: gcc -c -g -O2  conftest.c >&5
configure:4707: $? = 0
configure:4707: result: yes
configure:4707: checking sys/select.h presence
configure:4707: gcc -E  conftest.c
configure:4707: $? = 0
configure:4707: result: yes
configure:4707: checking for sys/select.h
configure:4707: result: yes
configure:4707: checking sys/socket.h usability
configure:4707: gcc -c -g -O2  conftest.c >&5
configure:4707: $? = 0
configure:4707: result: yes
configure:4707: checking sys/socket.h presence
configure:4707: gcc -E  conftest.c
configure:4707: $? = 0
configure:4707: result: yes
configure:4707: checking for sys/socket.h
configure:4707: result: yes
configure:4717: checking types of arguments for select
configure:4745: gcc -c -g -O2  conftest.c >&5
configure:4745: $? = 0
configure:4756: result: int,fd_set *,struct timeval *
configure:4782: checking for atexit
configure:4782: gcc -o conftest -g -O2   conftest.c  >&5
configure:4782: $? = 0
configure:4782: result: yes
configure:4782: checking for gettimeofday
configure:4782: gcc -o conftest -g -O2   conftest.c  >&5
configure:4782: $? = 0
configure:4782: result: yes
configure:4782: checking for memset
configure:4782: gcc -o conftest -g -O2   conftest.c  >&5
conftest.c:65:6: warning: conflicting types for built-in function 'memset'; expected 'void *(void *, int,  long unsigned int)' [-Wbuiltin-declaration-mismatch]
   65 | char memset ();
      |      ^~~~~~
conftest.c:53:1: note: 'memset' is declared in header '<string.h>'
   52 | # include <limits.h>
   53 | #else
configure:4782: $? = 0
configure:4782: result: yes
configure:4782: checking for pow
configure:4782: gcc -o conftest -g -O2   conftest.c  >&5
conftest.c:66:6: warning: conflicting types for built-in function 'pow'; expected 'double(double,  double)' [-Wbuiltin-declaration-mismatch]
   66 | char pow ();
      |      ^~~
conftest.c:54:1: note: 'pow' is declared in header '<math.h>'
   53 | # include <limits.h>
   54 | #else
/usr/bin/ld: /tmp/ccYvW6zF.o: in function `main':
/scratch/gccb/mark/flask/devices/CAENDigitizer/wavedump-3.10.2_mod/conftest.c:77: undefined reference to `pow'
collect2: error: ld returned 1 exit status
configure:4782: $? = 1
configure: failed program was:
| /* confdefs.h */
| #define PACKAGE_NAME "wavedump"
| #define PACKAGE_TARNAME "wavedump"
| #define PACKAGE_VERSION "3.10.2"
| #define PACKAGE_STRING "wavedump 3.10.2"
| #define PACKAGE_BUGREPORT "support.computing@caen.it"
| #define PACKAGE_URL ""
| #define PACKAGE "wavedump"
| #define VERSION "3.10.2"
| #define LINUX 1
| #define STDC_HEADERS 1
| #define HAVE_SYS_TYPES_H 1
| #define HAVE_SYS_STAT_H 1
| #define HAVE_STDLIB_H 1
| #define HAVE_STRING_H 1
| #define HAVE_MEMORY_H 1
| #define HAVE_STRINGS_H 1
| #define HAVE_INTTYPES_H 1
| #define HAVE_STDINT_H 1
| #define HAVE_UNISTD_H 1
| #define HAVE_MYSQL_MYSQL_H 1
| #define STDC_HEADERS 1
| #define HAVE_MALLOC_H 1
| #define HAVE_STDINT_H 1
| #define HAVE_STDLIB_H 1
| #define HAVE_STRING_H 1
| #define HAVE_SYS_TIME_H 1
| #define HAVE_SYS_TIMEB_H 1
| #define HAVE_TERMIOS_H 1
| #define HAVE_UNISTD_H 1
| #define TIME_WITH_SYS_TIME 1
| #define HAVE_STDLIB_H 1
| #define HAVE_MALLOC 1
| #define HAVE_SYS_SELECT_H 1
| #define HAVE_SYS_SOCKET_H 1
| #define SELECT_TYPE_ARG1 int
| #define SELECT_TYPE_ARG234 (fd_set *)
| #define SELECT_TYPE_ARG5 (struct timeval *)
| #define HAVE_ATEXIT 1
| #define HAVE_GETTIMEOFDAY 1
| #define HAVE_MEMSET 1
| /* end confdefs.h.  */
| /* Define pow to an innocuous variant, in case <limits.h> declares pow.
|    For example, HP-UX 11i <limits.h> declares gettimeofday.  */
| #define pow innocuous_pow
| 
| /* System header to define __stub macros and hopefully few prototypes,
|     which can conflict with char pow (); below.
|     Prefer <limits.h> to <assert.h> if __STDC__ is defined, since
|     <limits.h> exists even on freestanding compilers.  */
| 
| #ifdef __STDC__
| # include <limits.h>
| #else
| # include <assert.h>
| #endif
| 
| #undef pow
| 
| /* Override any GCC internal prototype to avoid an error.
|    Use char because int might match the return type of a GCC
|    builtin and then its argument prototype would still apply.  */
| #ifdef __cplusplus
| extern "C"
| #endif
| char pow ();
| /* The GNU C library defines this for functions which it implements
|     to always fail with ENOSYS.  Some functions are actually named
|     something starting with __ and the normal name is an alias.  */
| #if defined __stub_pow || defined __stub___pow
| choke me
| #endif
| 
| int
| main ()
| {
| return pow ();
|   ;
|   return 0;
| }
configure:4782: result: no
configure:4782: checking for select
configure:4782: gcc -o conftest -g -O2   conftest.c  >&5
configure:4782: $? = 0
configure:4782: result: yes
configure:4782: checking for strstr
configure:4782: gcc -o conftest -g -O2   conftest.c  >&5
conftest.c:67:6: warning: conflicting types for built-in function 'strstr'; expected 'char *(const char *, const char *)' [-Wbuiltin-declaration-mismatch]
   67 | char strstr ();
      |      ^~~~~~
conftest.c:55:1: note: 'strstr' is declared in header '<string.h>'
   54 | # include <limits.h>
   55 | #else
configure:4782: $? = 0
configure:4782: result: yes
configure:4795: checking for gnuplot
configure:4811: found /usr/bin/gnuplot
configure:4823: result: yes
configure:4971: checking that generated files are newer than configure
configure:4977: result: done
configure:5012: creating ./config.status

## ---------------- ##
## Cache variables. ##
## ---------------- ##

ac_cv_c_compiler_gnu=yes
ac_cv_c_const=yes
ac_cv_env_CC_set=
ac_cv_env_CC_value=
ac_cv_env_CFLAGS_set=
ac_cv_env_CFLAGS_value=
ac_cv_env_CPPFLAGS_set=
ac_cv_env_CPPFLAGS_value=
ac_cv_env_CPP_set=
ac_cv_env_CPP_value=
ac_cv_env_LDFLAGS_set=
ac_cv_env_LDFLAGS_value=
ac_cv_env_LIBS_set=
ac_cv_env_LIBS_value=
ac_cv_env_build_alias_set=
ac_cv_env_build_alias_value=
ac_cv_env_host_alias_set=
ac_cv_env_host_alias_value=
ac_cv_env_target_alias_set=
ac_cv_env_target_alias_value=
ac_cv_func_atexit=yes
ac_cv_func_gettimeofday=yes
ac_cv_func_malloc_0_nonnull=yes
ac_cv_func_memset=yes
ac_cv_func_pow=no
ac_cv_func_select=yes
ac_cv_func_select_args='int,fd_set *,struct timeval *'
ac_cv_func_strstr=yes
ac_cv_header_CAENDigitizerType_h=yes
ac_cv_header_CAENDigitizer_h=yes
ac_cv_header_inttypes_h=yes
ac_cv_header_malloc_h=yes
ac_cv_header_memory_h=yes
ac_cv_header_mysql_mysql_h=yes
ac_cv_header_stdc=yes
ac_cv_header_stdint_h=yes
ac_cv_header_stdlib_h=yes
ac_cv_header_string_h=yes
ac_cv_header_strings_h=yes
ac_cv_header_sys_select_h=yes
ac_cv_header_sys_socket_h=yes
ac_cv_header_sys_stat_h=yes
ac_cv_header_sys_time_h=yes
ac_cv_header_sys_timeb_h=yes
ac_cv_header_sys_types_h=yes
ac_cv_header_termios_h=yes
ac_cv_header_time=yes
ac_cv_header_unistd_h=yes
ac_cv_lib_CAENDigitizer_REQ_DGTZ_FUNCTION=yes
ac_cv_objext=o
ac_cv_path_EGREP='/usr/bin/grep -E'
ac_cv_path_GREP=/usr/bin/grep
ac_cv_path_install='/usr/bin/install -c'
ac_cv_path_mkdir=/usr/bin/mkdir
ac_cv_prog_AWK=mawk
ac_cv_prog_CPP='gcc -E'
ac_cv_prog_GNUPLOT=ok
ac_cv_prog_HAVE_GNUPLOT=yes
ac_cv_prog_ac_ct_CC=gcc
ac_cv_prog_cc_c89=
ac_cv_prog_cc_g=yes
ac_cv_prog_make_make_set=yes
am_cv_CC_dependencies_compiler_type=gcc3
am_cv_make_support_nested_variables=yes
am_cv_prog_cc_c_o=yes

## ----------------- ##
## Output variables. ##
## ----------------- ##

ACLOCAL='aclocal-1.16'
AMDEPBACKSLASH='\'
AMDEP_FALSE='#'
AMDEP_TRUE=''
AMTAR='$${TAR-tar}'
AM_BACKSLASH='\'
AM_DEFAULT_V='$(AM_DEFAULT_VERBOSITY)'
AM_DEFAULT_VERBOSITY='1'
AM_V='$(V)'
AUTOCONF='autoconf'
AUTOHEADER='autoheader'
AUTOMAKE='automake-1.16'
AWK='mawk'
CC='gcc'
CCDEPMODE='depmode=gcc3'
CFLAGS='-g -O2'
CPP='gcc -E'
CPPFLAGS=''
CYGPATH_W='echo'
DEFS='-DPACKAGE_NAME=\"wavedump\" -DPACKAGE_TARNAME=\"wavedump\" -DPACKAGE_VERSION=\"3.10.2\" -DPACKAGE_STRING=\"wavedump\ 3.10.2\" -DPACKAGE_BUGREPORT=\"support.computing@caen.it\" -DPACKAGE_URL=\"\" -DPACKAGE=\"wavedump\" -DVERSION=\"3.10.2\" -DLINUX=1 -DSTDC_HEADERS=1 -DHAVE_SYS_TYPES_H=1 -DHAVE_SYS_STAT_H=1 -DHAVE_STDLIB_H=1 -DHAVE_STRING_H=1 -DHAVE_MEMORY_H=1 -DHAVE_STRINGS_H=1 -DHAVE_INTTYPES_H=1 -DHAVE_STDINT_H=1 -DHAVE_UNISTD_H=1 -DHAVE_MYSQL_MYSQL_H=1 -DSTDC_HEADERS=1 -DHAVE_MALLOC_H=1 -DHAVE_STDINT_H=1 -DHAVE_STDLIB_H=1 -DHAVE_STRING_H=1 -DHAVE_SYS_TIME_H=1 -DHAVE_SYS_TIMEB_H=1 -DHAVE_TERMIOS_H=1 -DHAVE_UNISTD_H=1 -DTIME_WITH_SYS_TIME=1 -DHAVE_STDLIB_H=1 -DHAVE_MALLOC=1 -DHAVE_SYS_SELECT_H=1 -DHAVE_SYS_SOCKET_H=1 -DSELECT_TYPE_ARG1=int -DSELECT_TYPE_ARG234=\(fd_set\ \*\) -DSELECT_TYPE_ARG5=\(struct\ timeval\ \*\) -DHAVE_ATEXIT=1 -DHAVE_GETTIMEOFDAY=1 -DHAVE_MEMSET=1 -DHAVE_SELECT=1 -DHAVE_STRSTR=1'
DEPDIR='.deps'
ECHO_C=''
ECHO_N='-n'
ECHO_T=''
EGREP='/usr/bin/grep -E'
EXEEXT=''
GNUPLOT='ok'
GREP='/usr/bin/grep'
HAVE_GNUPLOT='yes'
INSTALL_DATA='${INSTALL} -m 644'
INSTALL_PROGRAM='${INSTALL}'
INSTALL_SCRIPT='${INSTALL}'
INSTALL_STRIP_PROGRAM='$(install_sh) -c -s'
LDFLAGS=''
LIBOBJS=''
LIBS=''
LTLIBOBJS=''
MAKEINFO='makeinfo'
MKDIR_P='/usr/bin/mkdir -p'
MYSQL_FLAGS='-D__USE_MYSQL__'
MYSQL_LIBS='-lmysqlclient'
OBJEXT='o'
PACKAGE='wavedump'
PACKAGE_BUGREPORT='support.computing@caen.it'
PACKAGE_NAME='wavedump'
PACKAGE_STRING='wavedump 3.10.2'
PACKAGE_TARNAME='wavedump'
PACKAGE_URL=''
PACKAGE_VERSION='3.10.2'
PATH_SEPARATOR=':'
SET_MAKE=''
SHELL='/bin/bash'
STRIP=''
USE_MYSQL_FALSE='#'
USE_MYSQL_TRUE=''
USE_SQLITE_FALSE=''
USE_SQLITE_TRUE='#'
VERSION='3.10.2'
ac_ct_CC='gcc'
am__EXEEXT_FALSE=''
am__EXEEXT_TRUE='#'
am__fastdepCC_FALSE='#'
am__fastdepCC_TRUE=''
am__include='include'
am__isrc=''
am__leading_dot='.'
am__nodep='_no'
am__quote=''
am__tar='$${TAR-tar} chof - "$$tardir"'
am__untar='$${TAR-tar} xf -'
bindir='${exec_prefix}/bin'
build_alias=''
datadir='${datarootdir}'
datarootdir='${prefix}/share'
docdir='${datarootdir}/doc/${PACKAGE_TARNAME}'
dvidir='${docdir}'
exec_prefix='${prefix}'
host_alias=''
htmldir='${docdir}'
includedir='${prefix}/include'
infodir='${datarootdir}/info'
install_sh='${SHELL} /scratch/gccb/mark/flask/devices/CAENDigitizer/wavedump-3.10.2_mod/src/install-sh'
libdir='${exec_prefix}/lib'
libexecdir='${exec_prefix}/libexec'
localedir='${datarootdir}/locale'
localstatedir='${prefix}/var'
mandir='${datarootdir}/man'
mkdir_p='$(MKDIR_P)'
oldincludedir='/usr/include'
pdfdir='${docdir}'
prefix='/usr/local'
program_transform_name='s,x,x,'
psdir='${docdir}'
runstatedir='${localstatedir}/run'
sbindir='${exec_prefix}/sbin'
sharedstatedir='${prefix}/com'
sysconfdir='${prefix}/etc'
target_alias=''

## ----------- ##
## confdefs.h. ##
## ----------- ##

/* confdefs.h */
#define PACKAGE_NAME "wavedump"
#define PACKAGE_TARNAME "wavedump"
#define PACKAGE_VERSION "3.10.2"
#define PACKAGE_STRING "wavedump 3.10.2"
#define PACKAGE_BUGREPORT "support.computing@caen.it"
#define PACKAGE_URL ""
#define PACKAGE "wavedump"
#define VERSION "3.10.2"
#define LINUX 1
#define STDC_HEADERS 1
#define HAVE_SYS_TYPES_H 1
#define HAVE_SYS_STAT_H 1
#define HAVE_STDLIB_H 1
#define HAVE_STRING_H 1
#define HAVE_MEMORY_H 1
#define HAVE_STRINGS_H 1
#define HAVE_INTTYPES_H 1
#define HAVE_STDINT_H 1
#define HAVE_UNISTD_H 1
#define HAVE_MYSQL_MYSQL_H 1
#define STDC_HEADERS 1
#define HAVE_MALLOC_H 1
#define HAVE_STDINT_H 1
#define HAVE_STDLIB_H 1
#define HAVE_STRING_H 1
#define HAVE_SYS_TIME_H 1
#define HAVE_SYS_TIMEB_H 1
#define HAVE_TERMIOS_H 1
#define HAVE_UNISTD_H 1
#define TIME_WITH_SYS_TIME 1
#define HAVE_STDLIB_H 1
#define HAVE_MALLOC 1
#define HAVE_SYS_SELECT_H 1
#define HAVE_SYS_SOCKET_H 1
#define SELECT_TYPE_ARG1 int
#define SELECT_TYPE_ARG234 (fd_set *)
#define SELECT_TYPE_ARG5 (struct timeval *)
#define HAVE_ATEXIT 1
#define HAVE_GETTIMEOFDAY 1
#define HAVE_MEMSET 1
#define HAVE_SELECT 1
#define HAVE_STRSTR 1

configure: exit 0

## ---------------------- ##
## Running config.status. ##
## ---------------------- ##

This file was extended by wavedump config.status 3.10.2, which was
generated by GNU Autoconf 2.69.  Invocation command line was

  CONFIG_FILES    = 
  CONFIG_HEADERS  = 
  CONFIG_LINKS    = 
  CONFIG_COMMANDS = 
  $ ./config.status 

on proton

config.status:786: creating Makefile
config.status:786: creating src/Makefile
config.status:958: executing depfiles commands
config.status:1035: cd src       && sed -e '/# am--include-marker/d' Makefile         | make -f - am--depfiles
make[1]: Entering directory '/scratch/gccb/mark/flask/devices/CAENDigitizer/wavedump-3.10.2_mod/src'
make[1]: Nothing to be done for 'am--depfiles'.
make[1]: Leaving directory '/scratch/gccb/mark/flask/devices/CAENDigitizer/wavedump-3.10.2_mod/src'
config.status:1040: $? = 0

## ---------------------- ##
## Running config.status. ##
## ---------------------- ##

This file was extended by wavedump config.status 3.10.2, which was
generated by GNU Autoconf 2.69.  Invocation command line was

  CONFIG_FILES    = 
  CONFIG_HEADERS  = 
  CONFIG_LINKS    = 
  CONFIG_COMMANDS = 
  $ ./config.status Makefile

on proton

config.status:786: creating Makefile

## ---------------------- ##
## Running config.status. ##
## ---------------------- ##

This file was extended by wavedump config.status 3.10.2, which was
generated by GNU Autoconf 2.69.  Invocation command line was

  CONFIG_FILES    = 
  CONFIG_HEADERS  = 
  CONFIG_LINKS    = 
  CONFIG_COMMANDS = 
  $ ./config.status src/Makefile depfiles

on proton

config.status:786: creating src/Makefile
config.status:958: executing depfiles commands
config.status:1035: cd src       && sed -e '/# am--include-marker/d' Makefile         | make -f - am--depfiles
make[2]: Entering directory '/scratch/gccb/mark/flask/devices/CAENDigitizer/wavedump-3.10.2_mod/src'
make[2]: Nothing to be done for 'am--depfiles'.
make[2]: Leaving directory '/scratch/gccb/mark/flask/devices/CAENDigitizer/wavedump-3.10.2_mod/src'
config.status:1040: $? = 0

## ---------------------- ##
## Running config.status. ##
## ---------------------- ##

This file was extended by wavedump config.status 3.10.2, which was
generated by GNU Autoconf 2.69.  Invocation command line was

  CONFIG_FILES    = 
  CONFIG_HEADERS  = 
  CONFIG_LINKS    = 
  CONFIG_COMMANDS = 
  $ ./config.status Makefile

on proton

config.status:786: creating Makefile

## ---------------------- ##
## Running config.status. ##
## ---------------------- ##

This file was extended by wavedump config.status 3.10.2, which was
generated by GNU Autoconf 2.69.  Invocation command line was

  CONFIG_FILES    = 
  CONFIG_HEADERS  = 
  CONFIG_LINKS    = 
  CONFIG_COMMANDS = 
  $ ./config.status src/Makefile depfiles

on proton

config.status:786: creating src/Makefile
config.status:958: executing depfiles commands
config.status:1035: cd src       && sed -e '/# am--include-marker/d' Makefile         | make -f - am--depfiles
make[2]: Entering directory '/scratch/gccb/mark/flask/devices/CAENDigitizer/wavedump-3.10.2_mod/src'
make[2]: Nothing to be done for 'am--depfiles'.
make[2]: Leaving directory '/scratch/gccb/mark/flask/devices/CAENDigitizer/wavedump-3.10.2_mod/src'
config.status:1040: $? = 0

## ---------------------- ##
## Running config.status. ##
## ---------------------- ##

This file was extended by wavedump config.status 3.10.2, which was
generated by GNU Autoconf 2.69.  Invocation command line was

  CONFIG_FILES    = 
  CONFIG_HEADERS  = 
  CONFIG_LINKS    = 
  CONFIG_COMMANDS = 
  $ ./config.status src/Makefile depfiles

on proton

config.status:786: creating src/Makefile
config.status:958: executing depfiles commands
config.status:1035: cd src       && sed -e '/# am--include-marker/d' Makefile         | make -f - am--depfiles
make[2]: Entering directory '/scratch/gccb/mark/flask/devices/CAENDigitizer/wavedump-3.10.2_mod/src'
make[2]: Nothing to be done for 'am--depfiles'.
make[2]: Leaving directory '/scratch/gccb/mark/flask/devices/CAENDigitizer/wavedump-3.10.2_mod/src'
config.status:1040: $? = 0

## ---------------------- ##
## Running config.status. ##
## ---------------------- ##

This file was extended by wavedump config.status 3.10.2, which was
generated by GNU Autoconf 2.69.  Invocation command line was

  CONFIG_FILES    = 
  CONFIG_HEADERS  = 
  CONFIG_LINKS    = 
  CONFIG_COMMANDS = 
  $ ./config.status src/Makefile depfiles

on proton

config.status:786: creating src/Makefile
config.status:958: executing depfiles commands
config.status:1035: cd src       && sed -e '/# am--include-marker/d' Makefile         | make -f - am--depfiles
make[1]: Entering directory '/scratch/gccb/mark/flask/devices/CAENDigitizer/wavedump-3.10.2_mod/src'
make[1]: Nothing to be done for 'am--depfiles'.
make[1]: Leaving directory '/scratch/gccb/mark/flask/devices/CAENDigitizer/wavedump-3.10.2_mod/src'
config.status:1040: $? = 0

## ---------------------- ##
## Running config.status. ##
## ---------------------- ##

This file was extended by wavedump config.status 3.10.2, which was
generated by GNU Autoconf 2.69.  Invocation command line was

  CONFIG_FILES    = 
  CONFIG_HEADERS  = 
  CONFIG_LINKS    = 
  CONFIG_COMMANDS = 
  $ ./config.status src/Makefile depfiles

on proton

config.status:786: creating src/Makefile
config.status:958: executing depfiles commands
config.status:1035: cd src       && sed -e '/# am--include-marker/d' Makefile         | make -f - am--depfiles
make[1]: Entering directory '/scratch/gccb/mark/flask/devices/CAENDigitizer/wavedump-3.10.2_mod/src'
make[1]: Nothing to be done for 'am--depfiles'.
make[1]: Leaving directory '/scratch/gccb/mark/flask/devices/CAENDigitizer/wavedump-3.10.2_mod/src'
config.status:1040: $? = 0
